{"time":"2024-12-01T21:00:07.597485143+01:00","level":"INFO","msg":"starting app","env":"prod","version":"123"}
{"time":"2024-12-01T21:00:07.658678003+01:00","level":"INFO","msg":"Сервер запущен на http://localhost:8080"}
{"time":"2024-12-01T21:11:47.536979052+01:00","level":"INFO","msg":"starting app","env":"prod","version":"123"}
{"time":"2024-12-01T21:11:47.651941718+01:00","level":"INFO","msg":"Сервер запущен на http://localhost:8080"}
{"time":"2024-12-01T21:12:03.998828246+01:00","level":"INFO","msg":"Сигнал получен, начинаем завершение работы..."}
{"time":"2024-12-01T21:12:03.999065144+01:00","level":"INFO","msg":"Сервер успешно завершен"}
{"time":"2024-12-01T21:14:48.689785944+01:00","level":"INFO","msg":"starting app","env":"prod","version":"123"}
{"time":"2024-12-01T21:14:48.689831354+01:00","level":"DEBUG","msg":"debug messages are enabled"}
{"time":"2024-12-01T21:14:48.780777985+01:00","level":"INFO","msg":"Сервер запущен на http://localhost:8080"}
{"time":"2024-12-01T21:14:48.780779779+01:00","level":"DEBUG","msg":"Got new message","OrderUID":"19915be3-e447-49c2-a800-fcfb307ece13"}
{"time":"2024-12-01T21:14:48.783316286+01:00","level":"DEBUG","msg":"Order is saved in DB","OrderUID":"19915be3-e447-49c2-a800-fcfb307ece13"}
{"time":"2024-12-01T21:14:48.786210898+01:00","level":"DEBUG","msg":"Order is saved in Cache","OrderUID":"19915be3-e447-49c2-a800-fcfb307ece13"}
{"time":"2024-12-01T21:14:49.080845799+01:00","level":"DEBUG","msg":"Got new message","OrderUID":"caec8498-f6b2-4cbf-9827-13a5c31ff384"}
{"time":"2024-12-01T21:14:49.090421845+01:00","level":"DEBUG","msg":"Order is saved in DB","OrderUID":"caec8498-f6b2-4cbf-9827-13a5c31ff384"}
{"time":"2024-12-01T21:14:49.09425717+01:00","level":"DEBUG","msg":"Order is saved in Cache","OrderUID":"caec8498-f6b2-4cbf-9827-13a5c31ff384"}
{"time":"2024-12-01T21:14:49.381704608+01:00","level":"DEBUG","msg":"Got new message","OrderUID":"bfc6c228-0182-4dbc-b954-4c33a251e345"}
{"time":"2024-12-01T21:14:49.389746341+01:00","level":"DEBUG","msg":"Order is saved in DB","OrderUID":"bfc6c228-0182-4dbc-b954-4c33a251e345"}
{"time":"2024-12-01T21:14:49.3929185+01:00","level":"DEBUG","msg":"Order is saved in Cache","OrderUID":"bfc6c228-0182-4dbc-b954-4c33a251e345"}
{"time":"2024-12-01T21:14:55.875482971+01:00","level":"INFO","msg":"Сигнал получен, начинаем завершение работы..."}
{"time":"2024-12-01T21:14:55.875718074+01:00","level":"INFO","msg":"Сервер успешно завершен"}
{"time":"2024-12-01T21:22:23.542861756+01:00","level":"INFO","msg":"starting app","env":"prod","version":"123"}
{"time":"2024-12-01T21:22:23.542910302+01:00","level":"DEBUG","msg":"debug messages are enabled"}
{"time":"2024-12-01T21:22:23.659994895+01:00","level":"INFO","msg":"Сервер запущен на http://localhost:8080"}
{"time":"2024-12-01T21:22:23.660309094+01:00","level":"DEBUG","msg":"Got new message","OrderUID":"cbc6b3c3-4f20-4e07-97a4-8cae320fbca3"}
{"time":"2024-12-01T21:22:23.662444136+01:00","level":"DEBUG","msg":"Order is saved in DB","OrderUID":"cbc6b3c3-4f20-4e07-97a4-8cae320fbca3"}
{"time":"2024-12-01T21:22:23.665424702+01:00","level":"DEBUG","msg":"Order is saved in Cache","OrderUID":"cbc6b3c3-4f20-4e07-97a4-8cae320fbca3"}
{"time":"2024-12-01T21:22:23.961068266+01:00","level":"DEBUG","msg":"Got new message","OrderUID":"08682549-a14a-4c22-9958-e252372d9ee8"}
{"time":"2024-12-01T21:22:23.969480544+01:00","level":"DEBUG","msg":"Order is saved in DB","OrderUID":"08682549-a14a-4c22-9958-e252372d9ee8"}
{"time":"2024-12-01T21:22:23.973412583+01:00","level":"DEBUG","msg":"Order is saved in Cache","OrderUID":"08682549-a14a-4c22-9958-e252372d9ee8"}
{"time":"2024-12-01T21:22:24.262056971+01:00","level":"DEBUG","msg":"Got new message","OrderUID":"5826b64a-5a83-4d6b-877a-243013ca57a0"}
{"time":"2024-12-01T21:22:24.270684552+01:00","level":"DEBUG","msg":"Order is saved in DB","OrderUID":"5826b64a-5a83-4d6b-877a-243013ca57a0"}
{"time":"2024-12-01T21:22:24.274385266+01:00","level":"DEBUG","msg":"Order is saved in Cache","OrderUID":"5826b64a-5a83-4d6b-877a-243013ca57a0"}
{"time":"2024-12-01T21:22:34.48597756+01:00","level":"INFO","msg":"Сигнал получен, начинаем завершение работы..."}
{"time":"2024-12-01T21:22:34.486371625+01:00","level":"INFO","msg":"Сервер успешно завершен"}
